{"message":"Starting SpringBootHelloWorld v1.0.0 on box19 with PID 74413 (/u01/qyang/java/java-demoapp/target/spring-boot-hello-world-1.0.0.jar started by qyang in /u01/qyang/java/java-demoapp)","timestamp":1596820503491,"log.level":"INFO","logger.name":"demo.SpringBootHelloWorld","thread.name":"main","hostname":"box19"}
{"message":"No active profile set, falling back to default profiles: default","timestamp":1596820503501,"log.level":"INFO","logger.name":"demo.SpringBootHelloWorld","thread.name":"main","hostname":"box19"}
{"message":"Refreshing org.springframework.boot.web.servlet.context.AnnotationConfigServletWebServerApplicationContext@4faf104: startup date [Fri Aug 07 13:15:03 EDT 2020]; root of context hierarchy","timestamp":1596820503595,"log.level":"INFO","logger.name":"org.springframework.boot.web.servlet.context.AnnotationConfigServletWebServerApplicationContext","thread.name":"main","hostname":"box19"}
{"message":"Tomcat initialized with port(s): 8080 (http)","timestamp":1596820505158,"log.level":"INFO","logger.name":"org.springframework.boot.web.embedded.tomcat.TomcatWebServer","thread.name":"main","hostname":"box19"}
{"message":"Initializing ProtocolHandler [\"http-nio-8080\"]","timestamp":1596820505188,"log.level":"INFO","logger.name":"org.apache.coyote.http11.Http11NioProtocol","thread.name":"main","hostname":"box19"}
{"message":"Starting service [Tomcat]","timestamp":1596820505221,"log.level":"INFO","logger.name":"org.apache.catalina.core.StandardService","thread.name":"main","hostname":"box19"}
{"message":"Starting Servlet Engine: Apache Tomcat/8.5.31","timestamp":1596820505221,"log.level":"INFO","logger.name":"org.apache.catalina.core.StandardEngine","thread.name":"main","hostname":"box19"}
{"message":"The APR based Apache Tomcat Native library which allows optimal performance in production environments was not found on the java.library.path: [/usr/java/packages/lib:/usr/lib64:/lib64:/lib:/usr/lib]","timestamp":1596820505266,"log.level":"INFO","logger.name":"org.apache.catalina.core.AprLifecycleListener","thread.name":"localhost-startStop-1","hostname":"box19"}
{"message":"Initializing Spring embedded WebApplicationContext","timestamp":1596820505392,"log.level":"INFO","logger.name":"org.apache.catalina.core.ContainerBase.[Tomcat].[localhost].[/]","thread.name":"localhost-startStop-1","hostname":"box19"}
{"message":"Root WebApplicationContext: initialization completed in 1798 ms","timestamp":1596820505392,"log.level":"INFO","logger.name":"org.springframework.web.context.ContextLoader","thread.name":"localhost-startStop-1","hostname":"box19"}
{"message":"Servlet dispatcherServlet mapped to [/]","timestamp":1596820505532,"log.level":"INFO","logger.name":"org.springframework.boot.web.servlet.ServletRegistrationBean","thread.name":"localhost-startStop-1","hostname":"box19"}
{"message":"Mapping filter: 'characterEncodingFilter' to: [/*]","timestamp":1596820505538,"log.level":"INFO","logger.name":"org.springframework.boot.web.servlet.FilterRegistrationBean","thread.name":"localhost-startStop-1","hostname":"box19"}
{"message":"Mapping filter: 'hiddenHttpMethodFilter' to: [/*]","timestamp":1596820505539,"log.level":"INFO","logger.name":"org.springframework.boot.web.servlet.FilterRegistrationBean","thread.name":"localhost-startStop-1","hostname":"box19"}
{"message":"Mapping filter: 'httpPutFormContentFilter' to: [/*]","timestamp":1596820505539,"log.level":"INFO","logger.name":"org.springframework.boot.web.servlet.FilterRegistrationBean","thread.name":"localhost-startStop-1","hostname":"box19"}
{"message":"Mapping filter: 'requestContextFilter' to: [/*]","timestamp":1596820505539,"log.level":"INFO","logger.name":"org.springframework.boot.web.servlet.FilterRegistrationBean","thread.name":"localhost-startStop-1","hostname":"box19"}
{"message":"Mapped URL path [/**/favicon.ico] onto handler of type [class org.springframework.web.servlet.resource.ResourceHttpRequestHandler]","timestamp":1596820505760,"log.level":"INFO","logger.name":"org.springframework.web.servlet.handler.SimpleUrlHandlerMapping","thread.name":"main","hostname":"box19"}
{"message":"Looking for @ControllerAdvice: org.springframework.boot.web.servlet.context.AnnotationConfigServletWebServerApplicationContext@4faf104: startup date [Fri Aug 07 13:15:03 EDT 2020]; root of context hierarchy","timestamp":1596820506090,"log.level":"INFO","logger.name":"org.springframework.web.servlet.mvc.method.annotation.RequestMappingHandlerAdapter","thread.name":"main","hostname":"box19"}
{"message":"Mapped \"{[/]}\" onto java.lang.String demo.SpringBootHelloWorld.home() throws java.lang.Exception","timestamp":1596820506199,"log.level":"INFO","logger.name":"org.springframework.web.servlet.mvc.method.annotation.RequestMappingHandlerMapping","thread.name":"main","hostname":"box19"}
{"message":"Mapped \"{[/error]}\" onto public org.springframework.http.ResponseEntity<java.util.Map<java.lang.String, java.lang.Object>> org.springframework.boot.autoconfigure.web.servlet.error.BasicErrorController.error(javax.servlet.http.HttpServletRequest)","timestamp":1596820506204,"log.level":"INFO","logger.name":"org.springframework.web.servlet.mvc.method.annotation.RequestMappingHandlerMapping","thread.name":"main","hostname":"box19"}
{"message":"Mapped \"{[/error],produces=[text/html]}\" onto public org.springframework.web.servlet.ModelAndView org.springframework.boot.autoconfigure.web.servlet.error.BasicErrorController.errorHtml(javax.servlet.http.HttpServletRequest,javax.servlet.http.HttpServletResponse)","timestamp":1596820506205,"log.level":"INFO","logger.name":"org.springframework.web.servlet.mvc.method.annotation.RequestMappingHandlerMapping","thread.name":"main","hostname":"box19"}
{"message":"Mapped URL path [/webjars/**] onto handler of type [class org.springframework.web.servlet.resource.ResourceHttpRequestHandler]","timestamp":1596820506228,"log.level":"INFO","logger.name":"org.springframework.web.servlet.handler.SimpleUrlHandlerMapping","thread.name":"main","hostname":"box19"}
{"message":"Mapped URL path [/**] onto handler of type [class org.springframework.web.servlet.resource.ResourceHttpRequestHandler]","timestamp":1596820506228,"log.level":"INFO","logger.name":"org.springframework.web.servlet.handler.SimpleUrlHandlerMapping","thread.name":"main","hostname":"box19"}
{"message":"Registering beans for JMX exposure on startup","timestamp":1596820506395,"log.level":"INFO","logger.name":"org.springframework.jmx.export.annotation.AnnotationMBeanExporter","thread.name":"main","hostname":"box19"}
{"message":"Starting ProtocolHandler [\"http-nio-8080\"]","timestamp":1596820506426,"log.level":"INFO","logger.name":"org.apache.coyote.http11.Http11NioProtocol","thread.name":"main","hostname":"box19"}
{"message":"Using a shared selector for servlet write/read","timestamp":1596820506433,"log.level":"INFO","logger.name":"org.apache.tomcat.util.net.NioSelectorPool","thread.name":"main","hostname":"box19"}
{"message":"Tomcat started on port(s): 8080 (http) with context path ''","timestamp":1596820506455,"log.level":"INFO","logger.name":"org.springframework.boot.web.embedded.tomcat.TomcatWebServer","thread.name":"main","hostname":"box19"}
{"message":"Started SpringBootHelloWorld in 4.652 seconds (JVM running for 8.555)","timestamp":1596820506463,"log.level":"INFO","logger.name":"demo.SpringBootHelloWorld","thread.name":"main","hostname":"box19"}
{"message":"Closing org.springframework.boot.web.servlet.context.AnnotationConfigServletWebServerApplicationContext@4faf104: startup date [Fri Aug 07 13:15:03 EDT 2020]; root of context hierarchy","timestamp":1596820513725,"log.level":"INFO","logger.name":"org.springframework.boot.web.servlet.context.AnnotationConfigServletWebServerApplicationContext","thread.name":"Thread-19","hostname":"box19","entity.type":"SERVICE","entity.guid":"MTk3MTM0M3xBUE18QVBQTElDQVRJT058ODY0Mjc2ODg4","entity.name":"java-demoapp"}
{"message":"Unregistering JMX-exposed beans on shutdown","timestamp":1596820513728,"log.level":"INFO","logger.name":"org.springframework.jmx.export.annotation.AnnotationMBeanExporter","thread.name":"Thread-19","hostname":"box19","entity.type":"SERVICE","entity.guid":"MTk3MTM0M3xBUE18QVBQTElDQVRJT058ODY0Mjc2ODg4","entity.name":"java-demoapp"}
